<?xml version="1.0" encoding="UTF-8"?>
<!-- Generated by org.testng.reporters.JUnitReportReporter -->
<testsuite skipped="0" hostname="SSA-07-06-16" name="RestAssureBcamp.RestAssure" tests="2" failures="0" timestamp="2020-03-22T21:42:26 EDT" time="1.998" errors="0">
  <testcase name="post" time="0.348" classname="RestAssureBcamp.RestAssure"/>
  <testcase name="f" time="1.650" classname="RestAssureBcamp.RestAssure"/>
</testsuite> <!-- RestAssureBcamp.RestAssure -->
